Using pre-set license
Built from '2020.2/release' branch; Version is '2020.2.2f1 (068178b99f32) revision 426360'; Using compiler version '192528614'; Build Type 'Release'
OS: 'Windows 10 Pro; OS build 18363.1379; Version 1909; 64bit' Language: 'en' Physical Memory: 16304 MB
BatchMode: 1, IsHumanControllingUs: 0, StartBugReporterOnCrash: 0, Is64bit: 1, IsPro: 0

 COMMAND LINE ARGUMENTS:
C:\Program Files\Unity\Hub\Editor\2020.2.2f1\Editor\Unity.exe
-adb2
-batchMode
-noUpm
-name
AssetImportWorker0
-projectPath
C:/Users/Remi/Documents/Unity Projects/Remade Final
-logFile
Logs/AssetImportWorker0.log
-srvPort
64645
Successfully changed project path to: C:/Users/Remi/Documents/Unity Projects/Remade Final
C:/Users/Remi/Documents/Unity Projects/Remade Final
Using Asset Import Pipeline V2.
Refreshing native plugins compatible for Editor in 21.18 ms, found 0 plugins.
Preloading 0 native plugins for Editor in 0.00 ms.
Initialize engine version: 2020.2.2f1 (068178b99f32)
[Subsystems] Discovering subsystems at path C:/Program Files/Unity/Hub/Editor/2020.2.2f1/Editor/Data/Resources/UnitySubsystems
[Subsystems] Discovering subsystems at path C:/Users/Remi/Documents/Unity Projects/Remade Final/Assets
GfxDevice: creating device client; threaded=0
Direct3D:
    Version:  Direct3D 11.0 [level 11.1]
    Renderer: NVIDIA GeForce GTX 1660 Ti (ID=0x2191)
    Vendor:   
    VRAM:     5991 MB
    Driver:   27.21.14.5671
Initialize mono
Mono path[0] = 'C:/Program Files/Unity/Hub/Editor/2020.2.2f1/Editor/Data/Managed'
Mono path[1] = 'C:/Program Files/Unity/Hub/Editor/2020.2.2f1/Editor/Data/MonoBleedingEdge/lib/mono/unityjit'
Mono config path = 'C:/Program Files/Unity/Hub/Editor/2020.2.2f1/Editor/Data/MonoBleedingEdge/etc'
Using monoOptions --debugger-agent=transport=dt_socket,embedding=1,server=y,suspend=n,address=127.0.0.1:56596
Begin MonoManager ReloadAssembly
Registering precompiled unity dll's ...
Register platform support module: C:/Program Files/Unity/Hub/Editor/2020.2.2f1/Editor/Data/PlaybackEngines/WindowsStandaloneSupport/UnityEditor.WindowsStandalone.Extensions.dll
Registered in 0.001942 seconds.
Native extension for WindowsStandalone target not found
Refreshing native plugins compatible for Editor in 23.42 ms, found 0 plugins.
Preloading 0 native plugins for Editor in 0.00 ms.
Invoked RoslynAnalysisRunner static constructor.
RoslynAnalysisRunner will not be running.
RoslynAnalysisRunner has terminated.
Mono: successfully reloaded assembly
- Completed reload, in  0.998 seconds
Platform modules already initialized, skipping
Registering precompiled user dll's ...
Registered in 0.000798 seconds.
Begin MonoManager ReloadAssembly
Native extension for WindowsStandalone target not found
Refreshing native plugins compatible for Editor in 0.19 ms, found 0 plugins.
Preloading 0 native plugins for Editor in 0.00 ms.
Invoked RoslynAnalysisRunner static constructor.
RoslynAnalysisRunner will not be running.
RoslynAnalysisRunner has terminated.
Mono: successfully reloaded assembly
- Completed reload, in  0.793 seconds
Platform modules already initialized, skipping
========================================================================
Worker process is ready to serve import requests
Launched and connected shader compiler UnityShaderCompiler.exe after 0.04 seconds
Refreshing native plugins compatible for Editor in 0.19 ms, found 0 plugins.
Preloading 0 native plugins for Editor in 0.00 ms.
Unloading 1099 Unused Serialized files (Serialized files now loaded: 0)
System memory in use before: 56.5 MB.
System memory in use after: 56.6 MB.

Unloading 10 unused Assets to reduce memory usage. Loaded Objects now: 1540.
Total: 1.746300 ms (FindLiveObjects: 0.191600 ms CreateObjectMapping: 0.064000 ms MarkObjects: 1.416500 ms  DeleteObjects: 0.073200 ms)

========================================================================
Received Import Request.
  path: Assets/Models/Button/portalbutton.obj
  artifactKey: Guid(622c7e2bac05bc8478f9c347e12c9d55) Importer(815301076,1909f56bfc062723c751e8b465ee728b)
Start importing Assets/Models/Button/portalbutton.obj using Guid(622c7e2bac05bc8478f9c347e12c9d55) Importer(815301076,1909f56bfc062723c751e8b465ee728b)  -> (artifact id: '711fb35a6739ef5c14fc451ffd084b07') in 0.196424 seconds
  Import took 0.198189 seconds .

========================================================================
Received Prepare
Registering precompiled user dll's ...
Registered in 0.000963 seconds.
Begin MonoManager ReloadAssembly
Native extension for WindowsStandalone target not found
Refreshing native plugins compatible for Editor in 0.20 ms, found 0 plugins.
Preloading 0 native plugins for Editor in 0.00 ms.
Invoked RoslynAnalysisRunner static constructor.
RoslynAnalysisRunner will not be running.
RoslynAnalysisRunner has terminated.
Mono: successfully reloaded assembly
- Completed reload, in  0.673 seconds
Platform modules already initialized, skipping
Refreshing native plugins compatible for Editor in 0.19 ms, found 0 plugins.
Preloading 0 native plugins for Editor in 0.00 ms.
Unloading 1115 Unused Serialized files (Serialized files now loaded: 0)
System memory in use before: 61.8 MB.
System memory in use after: 61.2 MB.

Unloading 9 unused Assets to reduce memory usage. Loaded Objects now: 1602.
Total: 1.736500 ms (FindLiveObjects: 0.116400 ms CreateObjectMapping: 0.031000 ms MarkObjects: 1.230500 ms  DeleteObjects: 0.357900 ms)

========================================================================
Received Import Request.
  Time since last request: 335.575091 seconds.
  path: Assets/Prefabs/Door.prefab
  artifactKey: Guid(ac55e3b5319140d4d82e60de52e1129e) Importer(815301076,1909f56bfc062723c751e8b465ee728b)
Start importing Assets/Prefabs/Door.prefab using Guid(ac55e3b5319140d4d82e60de52e1129e) Importer(815301076,1909f56bfc062723c751e8b465ee728b)  -> (artifact id: '3e1b0e58fd339d95a923bc23b8d41c7e') in 0.072359 seconds
  Import took 0.075015 seconds .

========================================================================
Received Import Request.
  Time since last request: 35.568424 seconds.
  path: Assets/Scenes/MainScene.unity
  artifactKey: Guid(24fe4ab5d29a7894fab89775b16d6ae1) Importer(815301076,1909f56bfc062723c751e8b465ee728b)
Start importing Assets/Scenes/MainScene.unity using Guid(24fe4ab5d29a7894fab89775b16d6ae1) Importer(815301076,1909f56bfc062723c751e8b465ee728b)  -> (artifact id: 'd4efda3cbeec2ed7155e949a7cc047f1') in 0.006816 seconds
  Import took 0.008715 seconds .

========================================================================
Received Import Request.
  Time since last request: 128.344873 seconds.
  path: Assets/Prefabs/Switch.prefab
  artifactKey: Guid(e320ed8809b6047488ab6b3182d4e640) Importer(815301076,1909f56bfc062723c751e8b465ee728b)
Start importing Assets/Prefabs/Switch.prefab using Guid(e320ed8809b6047488ab6b3182d4e640) Importer(815301076,1909f56bfc062723c751e8b465ee728b)  -> (artifact id: 'e976cf6ea44cbaecd3701b0173d270f2') in 0.051113 seconds
  Import took 0.053284 seconds .

========================================================================
Received Prepare
Registering precompiled user dll's ...
Registered in 0.000939 seconds.
Begin MonoManager ReloadAssembly
Native extension for WindowsStandalone target not found
Refreshing native plugins compatible for Editor in 0.19 ms, found 0 plugins.
Preloading 0 native plugins for Editor in 0.00 ms.
Invoked RoslynAnalysisRunner static constructor.
RoslynAnalysisRunner will not be running.
RoslynAnalysisRunner has terminated.
Mono: successfully reloaded assembly
- Completed reload, in  0.672 seconds
Platform modules already initialized, skipping
Refreshing native plugins compatible for Editor in 0.20 ms, found 0 plugins.
Preloading 0 native plugins for Editor in 0.00 ms.
Unloading 1114 Unused Serialized files (Serialized files now loaded: 0)
System memory in use before: 72.8 MB.
System memory in use after: 72.3 MB.

Unloading 9 unused Assets to reduce memory usage. Loaded Objects now: 1606.
Total: 1.940700 ms (FindLiveObjects: 0.126100 ms CreateObjectMapping: 0.033600 ms MarkObjects: 1.422500 ms  DeleteObjects: 0.357800 ms)

========================================================================
Received Import Request.
  Time since last request: 15.354305 seconds.
  path: Assets/Prefabs/PortalGun.prefab
  artifactKey: Guid(3d4652617f8fd1047819c9c3072e5c02) Importer(815301076,1909f56bfc062723c751e8b465ee728b)
Start importing Assets/Prefabs/PortalGun.prefab using Guid(3d4652617f8fd1047819c9c3072e5c02) Importer(815301076,1909f56bfc062723c751e8b465ee728b)  -> (artifact id: 'afdec520ad2e67d5c62c9cd8e1796196') in 0.057492 seconds
  Import took 0.059419 seconds .

========================================================================
Received Import Request.
  Time since last request: 67.579520 seconds.
  path: Assets/Scripts/Player
  artifactKey: Guid(dd001d72d490b1f47abc3759589ef62d) Importer(815301076,1909f56bfc062723c751e8b465ee728b)
Start importing Assets/Scripts/Player using Guid(dd001d72d490b1f47abc3759589ef62d) Importer(815301076,1909f56bfc062723c751e8b465ee728b)  -> (artifact id: '13a237d239b861a66cedf1158b2ddffc') in 0.006599 seconds
  Import took 0.008716 seconds .

========================================================================
Received Import Request.
  Time since last request: 1.244096 seconds.
  path: Assets/Scripts/Player/ToolController.cs
  artifactKey: Guid(5a9a416044e990b4cbad4d1c77831706) Importer(815301076,1909f56bfc062723c751e8b465ee728b)
Start importing Assets/Scripts/Player/ToolController.cs using Guid(5a9a416044e990b4cbad4d1c77831706) Importer(815301076,1909f56bfc062723c751e8b465ee728b)  -> (artifact id: '04636e6ee25b1a677e9662bdb765ac8a') in 0.018821 seconds
  Import took 0.020581 seconds .

========================================================================
Received Import Request.
  Time since last request: 126.087968 seconds.
  path: Assets/Prefabs/CubePrefab.prefab
  artifactKey: Guid(0fcf0a2030ee51b418f0eed2d8aee742) Importer(815301076,1909f56bfc062723c751e8b465ee728b)
Start importing Assets/Prefabs/CubePrefab.prefab using Guid(0fcf0a2030ee51b418f0eed2d8aee742) Importer(815301076,1909f56bfc062723c751e8b465ee728b)  -> (artifact id: '69ce8c4769357ce31aec5ded4eb39a3f') in 0.025568 seconds
  Import took 0.028456 seconds .

========================================================================
Received Import Request.
  Time since last request: 0.003142 seconds.
  path: Assets/Prefabs/CubePrefab.prefab
  artifactKey: Guid(0fcf0a2030ee51b418f0eed2d8aee742) Importer(815301076,1909f56bfc062723c751e8b465ee728b)
Start importing Assets/Prefabs/CubePrefab.prefab using Guid(0fcf0a2030ee51b418f0eed2d8aee742) Importer(815301076,1909f56bfc062723c751e8b465ee728b)  -> (artifact id: '69ce8c4769357ce31aec5ded4eb39a3f') in 0.014029 seconds
  Import took 0.016518 seconds .

========================================================================
Received Import Request.
  Time since last request: 5.513064 seconds.
  path: ProjectSettings/TagManager.asset
  artifactKey: Guid(00000000000000003000000000000000) Importer(815301076,1909f56bfc062723c751e8b465ee728b)
Start importing ProjectSettings/TagManager.asset using Guid(00000000000000003000000000000000) Importer(815301076,1909f56bfc062723c751e8b465ee728b)  -> (artifact id: '1efec719c81060231ab49e0da4b313b9') in 0.007914 seconds
  Import took 0.009624 seconds .

========================================================================
Received Import Request.
  Time since last request: 0.000575 seconds.
  path: ProjectSettings/TagManager.asset
  artifactKey: Guid(00000000000000003000000000000000) Importer(815301076,1909f56bfc062723c751e8b465ee728b)
Start importing ProjectSettings/TagManager.asset using Guid(00000000000000003000000000000000) Importer(815301076,1909f56bfc062723c751e8b465ee728b)  -> (artifact id: '1efec719c81060231ab49e0da4b313b9') in 0.003385 seconds
  Import took 0.007630 seconds .

========================================================================
Received Prepare
Registering precompiled user dll's ...
Registered in 0.000754 seconds.
Begin MonoManager ReloadAssembly
Native extension for WindowsStandalone target not found
Refreshing native plugins compatible for Editor in 0.19 ms, found 0 plugins.
Preloading 0 native plugins for Editor in 0.00 ms.
Invoked RoslynAnalysisRunner static constructor.
RoslynAnalysisRunner will not be running.
RoslynAnalysisRunner has terminated.
Mono: successfully reloaded assembly
- Completed reload, in  0.740 seconds
Platform modules already initialized, skipping
Refreshing native plugins compatible for Editor in 0.34 ms, found 0 plugins.
Preloading 0 native plugins for Editor in 0.00 ms.
Unloading 1114 Unused Serialized files (Serialized files now loaded: 0)
System memory in use before: 73.0 MB.
System memory in use after: 72.5 MB.

Unloading 11 unused Assets to reduce memory usage. Loaded Objects now: 1609.
Total: 2.978000 ms (FindLiveObjects: 0.205800 ms CreateObjectMapping: 0.062800 ms MarkObjects: 2.054700 ms  DeleteObjects: 0.653200 ms)

========================================================================
Received Prepare
Registering precompiled user dll's ...
Registered in 0.000691 seconds.
Begin MonoManager ReloadAssembly
Native extension for WindowsStandalone target not found
Refreshing native plugins compatible for Editor in 0.20 ms, found 0 plugins.
Preloading 0 native plugins for Editor in 0.00 ms.
Invoked RoslynAnalysisRunner static constructor.
RoslynAnalysisRunner will not be running.
RoslynAnalysisRunner has terminated.
Mono: successfully reloaded assembly
- Completed reload, in  0.680 seconds
Platform modules already initialized, skipping
Refreshing native plugins compatible for Editor in 0.20 ms, found 0 plugins.
Preloading 0 native plugins for Editor in 0.00 ms.
Unloading 1114 Unused Serialized files (Serialized files now loaded: 0)
System memory in use before: 73.1 MB.
System memory in use after: 72.6 MB.

Unloading 9 unused Assets to reduce memory usage. Loaded Objects now: 1611.
Total: 2.124200 ms (FindLiveObjects: 0.114300 ms CreateObjectMapping: 0.032800 ms MarkObjects: 1.573300 ms  DeleteObjects: 0.403100 ms)

========================================================================
Received Prepare
Registering precompiled user dll's ...
Registered in 0.000616 seconds.
Begin MonoManager ReloadAssembly
Native extension for WindowsStandalone target not found
Refreshing native plugins compatible for Editor in 0.32 ms, found 0 plugins.
Preloading 0 native plugins for Editor in 0.00 ms.
Invoked RoslynAnalysisRunner static constructor.
RoslynAnalysisRunner will not be running.
RoslynAnalysisRunner has terminated.
Mono: successfully reloaded assembly
- Completed reload, in  0.699 seconds
Platform modules already initialized, skipping
Refreshing native plugins compatible for Editor in 0.25 ms, found 0 plugins.
Preloading 0 native plugins for Editor in 0.00 ms.
Unloading 1114 Unused Serialized files (Serialized files now loaded: 0)
System memory in use before: 73.2 MB.
System memory in use after: 72.7 MB.

Unloading 9 unused Assets to reduce memory usage. Loaded Objects now: 1613.
Total: 1.945200 ms (FindLiveObjects: 0.132700 ms CreateObjectMapping: 0.051900 ms MarkObjects: 1.347500 ms  DeleteObjects: 0.412300 ms)

========================================================================
Received Prepare
Refreshing native plugins compatible for Editor in 0.67 ms, found 0 plugins.
Preloading 0 native plugins for Editor in 0.00 ms.
Unloading 7 Unused Serialized files (Serialized files now loaded: 0)
System memory in use before: 51.4 MB.
System memory in use after: 50.8 MB.

Unloading 7 unused Assets to reduce memory usage. Loaded Objects now: 1613.
Total: 2.142600 ms (FindLiveObjects: 0.127000 ms CreateObjectMapping: 0.039200 ms MarkObjects: 1.564600 ms  DeleteObjects: 0.410900 ms)

AssetImportWorkerClient::OnTransportError - code=2 error=End of file
